<?xml version="1.0" encoding="UTF-8"?>
<testsuite xmlns:xsi="http://www.w3.org/2001/XMLSchema-instance" xsi:noNamespaceSchemaLocation="https://maven.apache.org/surefire/maven-surefire-plugin/xsd/surefire-test-report.xsd" version="3.0.2" name="org.example.Classes.CommandValidatorTest" time="0.073" tests="13" errors="0" skipped="0" failures="1" flakes="0">
  <properties>
[...]
</properties>
  <testcase name="wrongFormats_areRejected" classname="org.example.Classes.CommandValidatorTest" time="0.012"/>
  <testcase name="threeArgs_noWindow_pathsInOrder" classname="org.example.Classes.CommandValidatorTest" time="0.002"/>
  <testcase name="timestampWithSurroundingSpaces_isAccepted" classname="org.example.Classes.CommandValidatorTest" time="0.004"/>
  <testcase name="startOneSecondAfterEnd_throws" classname="org.example.Classes.CommandValidatorTest" time="0.003"/>
  <testcase name="startEqualsEnd_isValid" classname="org.example.Classes.CommandValidatorTest" time="0.002"/>
  <testcase name="unparseableStart_messageSaysStart" classname="org.example.Classes.CommandValidatorTest" time="0.003"/>
  <testcase name="logFormatParsesNormalTimestamp_regressionForStrictYear" classname="org.example.Classes.CommandValidatorTest" time="0.002"/>
  <testcase name="unparseableEnd_messageSaysEnd" classname="org.example.Classes.CommandValidatorTest" time="0.001"/>
  <testcase name="impossibleDate_isRejected" classname="org.example.Classes.CommandValidatorTest" time="0.004"/>
  <testcase name="fiveArgs_buildsWindowFromArgs4And5" classname="org.example.Classes.CommandValidatorTest" time="0.001"/>
  <testcase name="wrongArgCounts_throwWithCountAndUsage" classname="org.example.Classes.CommandValidatorTest" time="0.017">
    <failure message="Unexpected exception type thrown, expected: &lt;java.lang.IllegalArgumentException&gt; but was: &lt;org.example.Exceptions.WrongNumberOfArguments&gt;" type="org.opentest4j.AssertionFailedError"><![CDATA[org.opentest4j.AssertionFailedError: Unexpected exception type thrown, expected: <java.lang.IllegalArgumentException> but was: <org.example.Exceptions.WrongNumberOfArguments>
	at org.junit.jupiter.api.Assertions.assertThrows(Assertions.java:3234)
	at org.example.Classes.CommandValidatorTest.messageFor(CommandValidatorTest.java:18)
	at org.example.Classes.CommandValidatorTest.wrongArgCounts_throwWithCountAndUsage(CommandValidatorTest.java:42)
Caused by: org.example.Exceptions.WrongNumberOfArguments: Expected 3 or 5 arguments but got 0.
Usage: java -jar tracefinder.jar <logs> <rules.csv> <report> ["yyyy-MM-dd HH:mm:ss" "yyyy-MM-dd HH:mm:ss"]
	at org.example.Classes.CommandValidator.parse(CommandValidator.java:21)
	at org.example.Classes.CommandValidatorTest.lambda$0(CommandValidatorTest.java:18)
	at org.junit.jupiter.api.AssertThrows.assertThrows(AssertThrows.java:54)
	at org.junit.jupiter.api.AssertThrows.assertThrows(AssertThrows.java:35)
	... 3 more
]]></failure>
  </testcase>
  <testcase name="startAfterEnd_throwsAndSaysSo" classname="org.example.Classes.CommandValidatorTest" time="0.002"/>
  <testcase name="anyFileNamesAreAccepted" classname="org.example.Classes.CommandValidatorTest" time="0.001"/>
</testsuite>