<?xml version="1.0" encoding="UTF-8"?>
<testsuite xmlns:xsi="http://www.w3.org/2001/XMLSchema-instance" xsi:noNamespaceSchemaLocation="https://maven.apache.org/surefire/maven-surefire-plugin/xsd/surefire-test-report.xsd" version="3.0.2" name="org.example.Classes.LogsReaderTest" time="0.014" tests="6" errors="0" skipped="0" failures="0" flakes="0">
  <properties>
[...]
</properties>
  <testcase name="wrongNoLogFields" classname="org.example.Classes.LogsReaderTest" time="0.006"/>
  <testcase name="emptyLineisMalformed" classname="org.example.Classes.LogsReaderTest" time="0.001"/>
  <testcase name="missingFieldisMalformed" classname="org.example.Classes.LogsReaderTest" time="0.001"/>
  <testcase name="cleanLineBecomesLogEntry" classname="org.example.Classes.LogsReaderTest" time="0.001"/>
  <testcase name="wrongDelimiter" classname="org.example.Classes.LogsReaderTest" time="0.0"/>
  <testcase name="badTimeStamp" classname="org.example.Classes.LogsReaderTest" time="0.0"/>
</testsuite>