<?xml version="1.0" encoding="UTF-8"?>
<testsuite xmlns:xsi="http://www.w3.org/2001/XMLSchema-instance" xsi:noNamespaceSchemaLocation="https://maven.apache.org/surefire/maven-surefire-plugin/xsd/surefire-test-report.xsd" version="3.0.2" name="org.example.Classes.RulebookAnalyzerTest" time="0.214" tests="37" errors="0" skipped="0" failures="0" flakes="0">
  <properties>
[...]
</properties>
  <testcase name="suspiciousIp_includesUnknownPatternEntriesInTotal" classname="org.example.Classes.RulebookAnalyzerTest" time="0.082"/>
  <testcase name="getStats_countsEachKnownLevel" classname="org.example.Classes.RulebookAnalyzerTest" time="0.007"/>
  <testcase name="parseRulebook_headerColumnsSwapped_throws" classname="org.example.Classes.RulebookAnalyzerTest" time="0.004"/>
  <testcase name="suspiciousIp_ipWhoseOnlyEntryIsUnknown_isNotListed" classname="org.example.Classes.RulebookAnalyzerTest" time="0.002"/>
  <testcase name="parseRulebook_extraHeaderColumn_throws" classname="org.example.Classes.RulebookAnalyzerTest" time="0.001"/>
  <testcase name="parseRulebook_headerWithSpaces_isAccepted" classname="org.example.Classes.RulebookAnalyzerTest" time="0.002"/>
  <testcase name="parseRulebook_wrongHeader_throwsAndNamesTheFile" classname="org.example.Classes.RulebookAnalyzerTest" time="0.003"/>
  <testcase name="parseRulebook_trimsWhitespaceAroundValues" classname="org.example.Classes.RulebookAnalyzerTest" time="0.001"/>
  <testcase name="window_ipTotalCountsOnlyEntriesInsideTheWindow" classname="org.example.Classes.RulebookAnalyzerTest" time="0.001"/>
  <testcase name="suspiciousIp_countsAllEntriesForThatIp_notOnlyFlaggedOnes" classname="org.example.Classes.RulebookAnalyzerTest" time="0.001"/>
  <testcase name="checkLevel_levelNotInRulebook_isUnknownPattern" classname="org.example.Classes.RulebookAnalyzerTest" time="0.003"/>
  <testcase name="getUnknownLogs_keepsOriginalLineNumbersAndRawContent" classname="org.example.Classes.RulebookAnalyzerTest" time="0.001"/>
  <testcase name="window_ipWhoseOnlyFlaggedEntryIsOutside_isNotSuspicious" classname="org.example.Classes.RulebookAnalyzerTest" time="0.002"/>
  <testcase name="window_unknownPatternKeepsOriginalLineNumber" classname="org.example.Classes.RulebookAnalyzerTest" time="0.002"/>
  <testcase name="loadRulebook_missingFile_throwsNotFound" classname="org.example.Classes.RulebookAnalyzerTest" time="0.002"/>
  <testcase name="parseRulebook_emptyInput_throws" classname="org.example.Classes.RulebookAnalyzerTest" time="0.001"/>
  <testcase name="window_unknownPatternOutsideWindow_isNotReported" classname="org.example.Classes.RulebookAnalyzerTest" time="0.001"/>
  <testcase name="getFlaggedEntries_returnsOriginalRawLineUnchanged" classname="org.example.Classes.RulebookAnalyzerTest" time="0.001"/>
  <testcase name="flagging_unknownLevel_isNeverFlagged" classname="org.example.Classes.RulebookAnalyzerTest" time="0.001"/>
  <testcase name="parseRulebook_nonNumericScore_throwsWithLineNumber" classname="org.example.Classes.RulebookAnalyzerTest" time="0.003"/>
  <testcase name="getStats_excludesUnknownLevels" classname="org.example.Classes.RulebookAnalyzerTest" time="0.003"/>
  <testcase name="parseRulebook_rowMissingColumn_throws" classname="org.example.Classes.RulebookAnalyzerTest" time="0.004"/>
  <testcase name="loadRulebook_blankPath_throws" classname="org.example.Classes.RulebookAnalyzerTest" time="0.002"/>
  <testcase name="flagging_scoreExactlyThree_isFlagged" classname="org.example.Classes.RulebookAnalyzerTest" time="0.002"/>
  <testcase name="getFlaggedEntries_sortedBySeverityHighestFirst" classname="org.example.Classes.RulebookAnalyzerTest" time="0.0"/>
  <testcase name="checkLevel_knownLevel_isCountedNotUnknown" classname="org.example.Classes.RulebookAnalyzerTest" time="0.001"/>
  <testcase name="getStats_levelWithNoEntries_stillListedAsZero" classname="org.example.Classes.RulebookAnalyzerTest" time="0.001"/>
  <testcase name="suspiciousIp_sortedByCountHighestFirst" classname="org.example.Classes.RulebookAnalyzerTest" time="0.001"/>
  <testcase name="flagging_scoreBelowThree_isNotFlagged" classname="org.example.Classes.RulebookAnalyzerTest" time="0.0"/>
  <testcase name="checkLevel_lowerCaseLevel_isUnknownNotMatched" classname="org.example.Classes.RulebookAnalyzerTest" time="0.001"/>
  <testcase name="suspiciousIp_noEntries_returnsEmptyMap" classname="org.example.Classes.RulebookAnalyzerTest" time="0.002"/>
  <testcase name="getStats_followsRulebookOrder" classname="org.example.Classes.RulebookAnalyzerTest" time="0.001"/>
  <testcase name="parseRulebook_validRows_loadsLevelsInFileOrder" classname="org.example.Classes.RulebookAnalyzerTest" time="0.001"/>
  <testcase name="parseRulebook_blankLinesAreSkipped" classname="org.example.Classes.RulebookAnalyzerTest" time="0.001"/>
  <testcase name="parseRulebook_rowWithExtraColumn_throws" classname="org.example.Classes.RulebookAnalyzerTest" time="0.001"/>
  <testcase name="suspiciousIp_ipWithOnlyLowSeverity_isNotListed" classname="org.example.Classes.RulebookAnalyzerTest" time="0.001"/>
  <testcase name="window_emptyWindow_givesEmptyFindingsButAllLevelsInSummary" classname="org.example.Classes.RulebookAnalyzerTest" time="0.002"/>
</testsuite>